<?xml version="1.0" encoding="UTF-8"?>
<testng-results ignored="0" total="1" passed="1" failed="0" skipped="0">
  <reporter-output>
  </reporter-output>
  <suite started-at="2026-07-03T11:26:26 IST" name="Default suite" finished-at="2026-07-03T11:26:36 IST" duration-ms="10805">
    <groups>
    </groups>
    <test started-at="2026-07-03T11:26:26 IST" name="Default test" finished-at="2026-07-03T11:26:36 IST" duration-ms="10805">
      <class name="com.teams.tests.UserRegistrationTest">
        <test-method is-config="true" signature="launchBrowser()[pri:0, instance:com.teams.tests.UserRegistrationTest@5aa9e4eb]" started-at="2026-07-03T11:26:26 IST" name="launchBrowser" finished-at="2026-07-03T11:26:32 IST" duration-ms="6669" status="PASS">
          <reporter-output>
          </reporter-output>
        </test-method> <!-- launchBrowser -->
        <test-method signature="verifyUserRegistration()[pri:0, instance:com.teams.tests.UserRegistrationTest@5aa9e4eb]" started-at="2026-07-03T11:26:32 IST" name="verifyUserRegistration" finished-at="2026-07-03T11:26:36 IST" duration-ms="3494" status="PASS">
          <reporter-output>
          </reporter-output>
        </test-method> <!-- verifyUserRegistration -->
        <test-method is-config="true" signature="closeBrowser(org.testng.ITestResult)[pri:0, instance:com.teams.tests.UserRegistrationTest@5aa9e4eb]" started-at="2026-07-03T11:26:36 IST" name="closeBrowser" finished-at="2026-07-03T11:26:36 IST" duration-ms="511" status="PASS">
          <params>
            <param index="0">
              <value>
                <![CDATA[[TestResult name=verifyUserRegistration status=SUCCESS method=UserRegistrationTest.verifyUserRegistration()[pri:0, instance:com.teams.tests.UserRegistrationTest@5aa9e4eb] output={null}]]]>
              </value>
            </param>
          </params>
          <reporter-output>
          </reporter-output>
        </test-method> <!-- closeBrowser -->
      </class> <!-- com.teams.tests.UserRegistrationTest -->
    </test> <!-- Default test -->
  </suite> <!-- Default suite -->
</testng-results>
