<?xml version="1.0" encoding="UTF-8"?>
<testng-results ignored="0" total="1" passed="1" failed="0" skipped="0">
  <reporter-output>
  </reporter-output>
  <suite started-at="2026-06-26T16:57:42 IST" name="Default suite" finished-at="2026-06-26T16:58:27 IST" duration-ms="45587">
    <groups>
    </groups>
    <test started-at="2026-06-26T16:57:42 IST" name="Default test" finished-at="2026-06-26T16:58:27 IST" duration-ms="45587">
      <class name="com.teams.tests.SettingsTest">
        <test-method is-config="true" signature="launchBrowser()[pri:0, instance:com.teams.tests.SettingsTest@dd05255]" started-at="2026-06-26T16:57:42 IST" name="launchBrowser" finished-at="2026-06-26T16:58:07 IST" duration-ms="24840" status="PASS">
          <reporter-output>
          </reporter-output>
        </test-method> <!-- launchBrowser -->
        <test-method signature="verifyChangePassword()[pri:0, instance:com.teams.tests.SettingsTest@dd05255]" started-at="2026-06-26T16:58:07 IST" name="verifyChangePassword" finished-at="2026-06-26T16:58:27 IST" duration-ms="20448" status="PASS">
          <reporter-output>
          </reporter-output>
        </test-method> <!-- verifyChangePassword -->
      </class> <!-- com.teams.tests.SettingsTest -->
    </test> <!-- Default test -->
  </suite> <!-- Default suite -->
</testng-results>
